  [4;36;1mSQL (0.2ms)[0m   [0;1mSET NAMES 'utf8'[0m
  [4;35;1mSQL (0.1ms)[0m   [0mSET SQL_AUTO_IS_NULL=0[0m
  [4;36;1mSQL (0.5ms)[0m   [0;1mSHOW TABLES[0m
  [4;35;1mSQL (176.5ms)[0m   [0mCREATE TABLE `schema_migrations` (`version` varchar(255) NOT NULL) ENGINE=InnoDB[0m
  [4;36;1mSQL (172.9ms)[0m   [0;1mCREATE UNIQUE INDEX `unique_schema_migrations` ON `schema_migrations` (`version`)[0m
  [4;35;1mSQL (0.5ms)[0m   [0mSHOW TABLES[0m
  [4;36;1mSQL (0.4ms)[0m   [0;1mSELECT version FROM schema_migrations[0m
Migrating to CreateIntervals (20090616124236)
  [4;36;1mSQL (0.1ms)[0m   [0;1mSET NAMES 'utf8'[0m
  [4;35;1mSQL (0.1ms)[0m   [0mSET SQL_AUTO_IS_NULL=0[0m
  [4;36;1mSQL (0.4ms)[0m   [0;1mSHOW TABLES[0m
  [4;35;1mSQL (0.2ms)[0m   [0mSELECT version FROM schema_migrations[0m
Migrating to CreateIntervals (20090616124236)
  [4;36;1mSQL (108.4ms)[0m   [0;1mCREATE TABLE `intervals` (`id` int(11) DEFAULT NULL auto_increment PRIMARY KEY, `project` varchar(255), `start_time` datetime, `end_time` datetime, `created_at` datetime, `updated_at` datetime) ENGINE=InnoDB[0m
  [4;35;1mSQL (0.8ms)[0m   [0mINSERT INTO schema_migrations (version) VALUES ('20090616124236')[0m
  [4;36;1mSQL (0.5ms)[0m   [0;1mSHOW TABLES[0m
  [4;35;1mSQL (0.2ms)[0m   [0mSELECT version FROM schema_migrations[0m
  [4;36;1mSQL (0.4ms)[0m   [0;1mSHOW TABLES[0m
  [4;35;1mSQL (36.8ms)[0m   [0mSHOW FIELDS FROM `intervals`[0m
  [4;36;1mSQL (2.0ms)[0m   [0;1mdescribe `intervals`[0m
  [4;35;1mSQL (9.1ms)[0m   [0mSHOW KEYS FROM `intervals`[0m


Processing ApplicationController#index (for 127.0.0.1 at 2009-06-16 06:48:30) [GET]


ActionController::RoutingError (No route matches "/interval" with {:method=>:get}):
    /usr/local/lib/ruby/gems/1.8/gems/actionpack-2.2.2/lib/action_controller/routing/recognition_optimisation.rb:66:in `recognize_path'
    /usr/local/lib/ruby/gems/1.8/gems/actionpack-2.2.2/lib/action_controller/routing/route_set.rb:386:in `recognize'
    /usr/local/lib/ruby/gems/1.8/gems/actionpack-2.2.2/lib/action_controller/dispatcher.rb:182:in `handle_request'
    /usr/local/lib/ruby/gems/1.8/gems/actionpack-2.2.2/lib/action_controller/dispatcher.rb:110:in `dispatch_unlocked'
    /usr/local/lib/ruby/gems/1.8/gems/actionpack-2.2.2/lib/action_controller/dispatcher.rb:123:in `dispatch'
    /usr/local/lib/ruby/gems/1.8/gems/actionpack-2.2.2/lib/action_controller/dispatcher.rb:122:in `synchronize'
    /usr/local/lib/ruby/gems/1.8/gems/actionpack-2.2.2/lib/action_controller/dispatcher.rb:122:in `dispatch'
    /usr/local/lib/ruby/gems/1.8/gems/actionpack-2.2.2/lib/action_controller/dispatcher.rb:132:in `dispatch_cgi'
    /usr/local/lib/ruby/gems/1.8/gems/actionpack-2.2.2/lib/action_controller/dispatcher.rb:39:in `dispatch'
    /usr/local/lib/ruby/gems/1.8/gems/mongrel-1.1.5/bin/../lib/mongrel/rails.rb:76:in `process'
    /usr/local/lib/ruby/gems/1.8/gems/mongrel-1.1.5/bin/../lib/mongrel/rails.rb:74:in `synchronize'
    /usr/local/lib/ruby/gems/1.8/gems/mongrel-1.1.5/bin/../lib/mongrel/rails.rb:74:in `process'
    /usr/local/lib/ruby/gems/1.8/gems/mongrel-1.1.5/bin/../lib/mongrel.rb:159:in `process_client'
    /usr/local/lib/ruby/gems/1.8/gems/mongrel-1.1.5/bin/../lib/mongrel.rb:158:in `each'
    /usr/local/lib/ruby/gems/1.8/gems/mongrel-1.1.5/bin/../lib/mongrel.rb:158:in `process_client'
    /usr/local/lib/ruby/gems/1.8/gems/mongrel-1.1.5/bin/../lib/mongrel.rb:285:in `run'
    /usr/local/lib/ruby/gems/1.8/gems/mongrel-1.1.5/bin/../lib/mongrel.rb:285:in `initialize'
    /usr/local/lib/ruby/gems/1.8/gems/mongrel-1.1.5/bin/../lib/mongrel.rb:285:in `new'
    /usr/local/lib/ruby/gems/1.8/gems/mongrel-1.1.5/bin/../lib/mongrel.rb:285:in `run'
    /usr/local/lib/ruby/gems/1.8/gems/mongrel-1.1.5/bin/../lib/mongrel.rb:268:in `initialize'
    /usr/local/lib/ruby/gems/1.8/gems/mongrel-1.1.5/bin/../lib/mongrel.rb:268:in `new'
    /usr/local/lib/ruby/gems/1.8/gems/mongrel-1.1.5/bin/../lib/mongrel.rb:268:in `run'
    /usr/local/lib/ruby/gems/1.8/gems/mongrel-1.1.5/bin/../lib/mongrel/configurator.rb:282:in `run'
    /usr/local/lib/ruby/gems/1.8/gems/mongrel-1.1.5/bin/../lib/mongrel/configurator.rb:281:in `each'
    /usr/local/lib/ruby/gems/1.8/gems/mongrel-1.1.5/bin/../lib/mongrel/configurator.rb:281:in `run'
    /usr/local/lib/ruby/gems/1.8/gems/mongrel-1.1.5/bin/mongrel_rails:128:in `run'
    /usr/local/lib/ruby/gems/1.8/gems/mongrel-1.1.5/bin/../lib/mongrel/command.rb:212:in `run'
    /usr/local/lib/ruby/gems/1.8/gems/mongrel-1.1.5/bin/mongrel_rails:281
    /usr/local/bin/mongrel_rails:16:in `load'
    /usr/local/bin/mongrel_rails:16

Rendering /usr/local/lib/ruby/gems/1.8/gems/actionpack-2.2.2/lib/action_controller/templates/rescues/layout.erb (not_found)


Processing IntervalsController#index (for 127.0.0.1 at 2009-06-16 06:48:32) [GET]
  [4;36;1mSQL (0.1ms)[0m   [0;1mSET NAMES 'utf8'[0m
  [4;35;1mSQL (0.1ms)[0m   [0mSET SQL_AUTO_IS_NULL=0[0m
  [4;36;1mInterval Load (0.3ms)[0m   [0;1mSELECT * FROM `intervals` [0m
Rendering template within layouts/intervals
Rendering intervals/index
Completed in 8ms (View: 4, DB: 1) | 200 OK [http://localhost/intervals]


Processing IntervalsController#new (for 127.0.0.1 at 2009-06-16 06:48:36) [GET]
  [4;35;1mSQL (0.1ms)[0m   [0mSET NAMES 'utf8'[0m
  [4;36;1mSQL (0.1ms)[0m   [0;1mSET SQL_AUTO_IS_NULL=0[0m
  [4;35;1mInterval Columns (2.5ms)[0m   [0mSHOW FIELDS FROM `intervals`[0m
Rendering template within layouts/intervals
Rendering intervals/new


ActionView::TemplateError (undefined local variable or method `time' for #<ActionView::Base:0x25f12b4>) on line #11 of app/views/intervals/new.html.erb:
8:     <%= f.text_field :project %>
9:   </p>
10:   <p>
11:     <%= f.label :start_time %><br />
12:     <%= f.datetime_select :start_time %>
13:   </p>
14:   <p>

    app/views/intervals/new.html.erb:11
    /usr/local/lib/ruby/gems/1.8/gems/actionpack-2.2.2/lib/action_view/helpers/form_helper.rb:313:in `fields_for'
    /usr/local/lib/ruby/gems/1.8/gems/actionpack-2.2.2/lib/action_view/helpers/form_helper.rb:253:in `form_for'
    app/views/intervals/new.html.erb:3
    /usr/local/lib/ruby/gems/1.8/gems/actionpack-2.2.2/lib/action_view/renderable.rb:39:in `send'
    /usr/local/lib/ruby/gems/1.8/gems/actionpack-2.2.2/lib/action_view/renderable.rb:39:in `render'
    /usr/local/lib/ruby/gems/1.8/gems/actionpack-2.2.2/lib/action_view/template.rb:73:in `render_template'
    /usr/local/lib/ruby/gems/1.8/gems/actionpack-2.2.2/lib/action_view/base.rb:256:in `render'
    /usr/local/lib/ruby/gems/1.8/gems/actionpack-2.2.2/lib/action_view/base.rb:367:in `_render_with_layout'
    /usr/local/lib/ruby/gems/1.8/gems/actionpack-2.2.2/lib/action_view/base.rb:254:in `render'
    /usr/local/lib/ruby/gems/1.8/gems/actionpack-2.2.2/lib/action_controller/base.rb:1174:in `render_for_file'
    /usr/local/lib/ruby/gems/1.8/gems/actionpack-2.2.2/lib/action_controller/base.rb:905:in `render_without_benchmark'
    /usr/local/lib/ruby/gems/1.8/gems/actionpack-2.2.2/lib/action_controller/benchmarking.rb:51:in `render'
    /usr/local/lib/ruby/gems/1.8/gems/activesupport-2.2.2/lib/active_support/core_ext/benchmark.rb:8:in `realtime'
    /usr/local/lib/ruby/gems/1.8/gems/actionpack-2.2.2/lib/action_controller/benchmarking.rb:51:in `render'
    /usr/local/lib/ruby/gems/1.8/gems/actionpack-2.2.2/lib/action_controller/mime_responds.rb:135:in `send'
    /usr/local/lib/ruby/gems/1.8/gems/actionpack-2.2.2/lib/action_controller/mime_responds.rb:135:in `custom'
    /usr/local/lib/ruby/gems/1.8/gems/actionpack-2.2.2/lib/action_controller/mime_responds.rb:164:in `call'
    /usr/local/lib/ruby/gems/1.8/gems/actionpack-2.2.2/lib/action_controller/mime_responds.rb:164:in `respond'
    /usr/local/lib/ruby/gems/1.8/gems/actionpack-2.2.2/lib/action_controller/mime_responds.rb:158:in `each'
    /usr/local/lib/ruby/gems/1.8/gems/actionpack-2.2.2/lib/action_controller/mime_responds.rb:158:in `respond'
    /usr/local/lib/ruby/gems/1.8/gems/actionpack-2.2.2/lib/action_controller/mime_responds.rb:107:in `respond_to'
    app/controllers/intervals_controller.rb:29:in `new'
    /usr/local/lib/ruby/gems/1.8/gems/actionpack-2.2.2/lib/action_controller/base.rb:1253:in `send'
    /usr/local/lib/ruby/gems/1.8/gems/actionpack-2.2.2/lib/action_controller/base.rb:1253:in `perform_action_without_filters'
    /usr/local/lib/ruby/gems/1.8/gems/actionpack-2.2.2/lib/action_controller/filters.rb:617:in `call_filters'
    /usr/local/lib/ruby/gems/1.8/gems/actionpack-2.2.2/lib/action_controller/filters.rb:610:in `perform_action_without_benchmark'
    /usr/local/lib/ruby/gems/1.8/gems/actionpack-2.2.2/lib/action_controller/benchmarking.rb:68:in `perform_action_without_rescue'
    /usr/local/lib/ruby/1.8/benchmark.rb:293:in `measure'
    /usr/local/lib/ruby/gems/1.8/gems/actionpack-2.2.2/lib/action_controller/benchmarking.rb:68:in `perform_action_without_rescue'
    /usr/local/lib/ruby/gems/1.8/gems/actionpack-2.2.2/lib/action_controller/rescue.rb:136:in `perform_action_without_caching'
    /usr/local/lib/ruby/gems/1.8/gems/actionpack-2.2.2/lib/action_controller/caching/sql_cache.rb:13:in `perform_action'
    /usr/local/lib/ruby/gems/1.8/gems/activerecord-2.2.2/lib/active_record/connection_adapters/abstract/query_cache.rb:34:in `cache'
    /usr/local/lib/ruby/gems/1.8/gems/activerecord-2.2.2/lib/active_record/query_cache.rb:8:in `cache'
    /usr/local/lib/ruby/gems/1.8/gems/actionpack-2.2.2/lib/action_controller/caching/sql_cache.rb:12:in `perform_action'
    /usr/local/lib/ruby/gems/1.8/gems/actionpack-2.2.2/lib/action_controller/base.rb:524:in `send'
    /usr/local/lib/ruby/gems/1.8/gems/actionpack-2.2.2/lib/action_controller/base.rb:524:in `process_without_filters'
    /usr/local/lib/ruby/gems/1.8/gems/actionpack-2.2.2/lib/action_controller/filters.rb:606:in `process_without_session_management_support'
    /usr/local/lib/ruby/gems/1.8/gems/actionpack-2.2.2/lib/action_controller/session_management.rb:134:in `process'
    /usr/local/lib/ruby/gems/1.8/gems/actionpack-2.2.2/lib/action_controller/base.rb:392:in `process'
    /usr/local/lib/ruby/gems/1.8/gems/actionpack-2.2.2/lib/action_controller/dispatcher.rb:183:in `handle_request'
    /usr/local/lib/ruby/gems/1.8/gems/actionpack-2.2.2/lib/action_controller/dispatcher.rb:110:in `dispatch_unlocked'
    /usr/local/lib/ruby/gems/1.8/gems/actionpack-2.2.2/lib/action_controller/dispatcher.rb:123:in `dispatch'
    /usr/local/lib/ruby/gems/1.8/gems/actionpack-2.2.2/lib/action_controller/dispatcher.rb:122:in `synchronize'
    /usr/local/lib/ruby/gems/1.8/gems/actionpack-2.2.2/lib/action_controller/dispatcher.rb:122:in `dispatch'
    /usr/local/lib/ruby/gems/1.8/gems/actionpack-2.2.2/lib/action_controller/dispatcher.rb:132:in `dispatch_cgi'
    /usr/local/lib/ruby/gems/1.8/gems/actionpack-2.2.2/lib/action_controller/dispatcher.rb:39:in `dispatch'
    /usr/local/lib/ruby/gems/1.8/gems/mongrel-1.1.5/lib/mongrel/rails.rb:76:in `process'
    /usr/local/lib/ruby/gems/1.8/gems/mongrel-1.1.5/lib/mongrel/rails.rb:74:in `synchronize'
    /usr/local/lib/ruby/gems/1.8/gems/mongrel-1.1.5/lib/mongrel/rails.rb:74:in `process'
    /usr/local/lib/ruby/gems/1.8/gems/mongrel-1.1.5/lib/mongrel.rb:159:in `process_client'
    /usr/local/lib/ruby/gems/1.8/gems/mongrel-1.1.5/lib/mongrel.rb:158:in `each'
    /usr/local/lib/ruby/gems/1.8/gems/mongrel-1.1.5/lib/mongrel.rb:158:in `process_client'
    /usr/local/lib/ruby/gems/1.8/gems/mongrel-1.1.5/lib/mongrel.rb:285:in `run'
    /usr/local/lib/ruby/gems/1.8/gems/mongrel-1.1.5/lib/mongrel.rb:285:in `initialize'
    /usr/local/lib/ruby/gems/1.8/gems/mongrel-1.1.5/lib/mongrel.rb:285:in `new'
    /usr/local/lib/ruby/gems/1.8/gems/mongrel-1.1.5/lib/mongrel.rb:285:in `run'
    /usr/local/lib/ruby/gems/1.8/gems/mongrel-1.1.5/lib/mongrel.rb:268:in `initialize'
    /usr/local/lib/ruby/gems/1.8/gems/mongrel-1.1.5/lib/mongrel.rb:268:in `new'
    /usr/local/lib/ruby/gems/1.8/gems/mongrel-1.1.5/lib/mongrel.rb:268:in `run'
    /usr/local/lib/ruby/gems/1.8/gems/mongrel-1.1.5/lib/mongrel/configurator.rb:282:in `run'
    /usr/local/lib/ruby/gems/1.8/gems/mongrel-1.1.5/lib/mongrel/configurator.rb:281:in `each'
    /usr/local/lib/ruby/gems/1.8/gems/mongrel-1.1.5/lib/mongrel/configurator.rb:281:in `run'
    /usr/local/lib/ruby/gems/1.8/gems/mongrel-1.1.5/bin/mongrel_rails:128:in `run'
    /usr/local/lib/ruby/gems/1.8/gems/mongrel-1.1.5/lib/mongrel/command.rb:212:in `run'
    /usr/local/lib/ruby/gems/1.8/gems/mongrel-1.1.5/bin/mongrel_rails:281
    /usr/local/bin/mongrel_rails:16:in `load'
    /usr/local/bin/mongrel_rails:16

Rendered /usr/local/lib/ruby/gems/1.8/gems/actionpack-2.2.2/lib/action_controller/templates/rescues/_trace (100.0ms)
Rendered /usr/local/lib/ruby/gems/1.8/gems/actionpack-2.2.2/lib/action_controller/templates/rescues/_request_and_response (0.8ms)
Rendering /usr/local/lib/ruby/gems/1.8/gems/actionpack-2.2.2/lib/action_controller/templates/rescues/layout.erb (internal_server_error)


Processing IntervalsController#new (for 127.0.0.1 at 2009-06-17 22:27:06) [GET]
  [4;36;1mSQL (0.1ms)[0m   [0;1mSET NAMES 'utf8'[0m
  [4;35;1mSQL (0.1ms)[0m   [0mSET SQL_AUTO_IS_NULL=0[0m
  [4;36;1mInterval Columns (2.4ms)[0m   [0;1mSHOW FIELDS FROM `intervals`[0m
Rendering template within layouts/intervals
Rendering intervals/new
Rendered intervals/_interval_form (215.1ms)
Completed in 227ms (View: 220, DB: 3) | 200 OK [http://localhost/intervals/new]


Processing IntervalsController#new (for 127.0.0.1 at 2009-06-17 22:30:59) [GET]
  [4;35;1mSQL (0.1ms)[0m   [0mSET NAMES 'utf8'[0m
  [4;36;1mSQL (0.1ms)[0m   [0;1mSET SQL_AUTO_IS_NULL=0[0m
  [4;35;1mInterval Columns (3.5ms)[0m   [0mSHOW FIELDS FROM `intervals`[0m
Rendering template within layouts/intervals
Rendering intervals/new
Rendered intervals/_interval_form (10.1ms)
Completed in 25ms (View: 15, DB: 4) | 200 OK [http://localhost/intervals/new]


Processing IntervalsController#create (for 127.0.0.1 at 2009-06-17 22:31:30) [POST]
  Parameters: {"commit"=>"Create", "authenticity_token"=>"45ff7090724a43aa7af5ba2005ed251b1f937087", "interval"=>{"start_time(1i)"=>"2009", "start_time(2i)"=>"6", "start_time(3i)"=>"17", "project"=>"Project Timer:Testing", "end_time(1i)"=>"2009", "start_time(4i)"=>"22", "end_time(2i)"=>"6", "start_time(5i)"=>"37", "end_time(3i)"=>"18", "end_time(4i)"=>"04", "end_time(5i)"=>"27"}}
  [4;36;1mSQL (0.1ms)[0m   [0;1mSET NAMES 'utf8'[0m
  [4;35;1mSQL (0.1ms)[0m   [0mSET SQL_AUTO_IS_NULL=0[0m
  [4;36;1mInterval Columns (2.1ms)[0m   [0;1mSHOW FIELDS FROM `intervals`[0m
  [4;35;1mSQL (0.3ms)[0m   [0mBEGIN[0m
  [4;36;1mInterval Create (0.3ms)[0m   [0;1mINSERT INTO `intervals` (`final_time`, `updated_at`, `project`, `start_time`, `end_time`, `created_at`) VALUES(NULL, '2009-06-18 04:31:30', 'Project Timer:Testing', '2009-06-17 22:37:00', '2009-06-18 04:27:00', '2009-06-18 04:31:30')[0m
  [4;35;1mSQL (1.0ms)[0m   [0mCOMMIT[0m
Redirected to #<Interval:0x263b094>
Completed in 15ms (DB: 4) | 302 Found [http://localhost/intervals]


Processing IntervalsController#show (for 127.0.0.1 at 2009-06-17 22:31:30) [GET]
  Parameters: {"id"=>"1"}
  [4;36;1mSQL (0.1ms)[0m   [0;1mSET NAMES 'utf8'[0m
  [4;35;1mSQL (0.1ms)[0m   [0mSET SQL_AUTO_IS_NULL=0[0m
  [4;36;1mInterval Columns (1.7ms)[0m   [0;1mSHOW FIELDS FROM `intervals`[0m
  [4;35;1mInterval Load (0.4ms)[0m   [0mSELECT * FROM `intervals` WHERE (`intervals`.`id` = 1) [0m
Rendering template within layouts/intervals
Rendering intervals/show
Completed in 11ms (View: 4, DB: 2) | 200 OK [http://localhost/intervals/1]


Processing IntervalsController#index (for 127.0.0.1 at 2009-06-17 22:31:37) [GET]
  [4;36;1mSQL (0.1ms)[0m   [0;1mSET NAMES 'utf8'[0m
  [4;35;1mSQL (0.1ms)[0m   [0mSET SQL_AUTO_IS_NULL=0[0m
  [4;36;1mInterval Load (0.3ms)[0m   [0;1mSELECT * FROM `intervals` [0m
Rendering template within layouts/intervals
Rendering intervals/index
  [4;35;1mInterval Columns (2.4ms)[0m   [0mSHOW FIELDS FROM `intervals`[0m
Completed in 13ms (View: 6, DB: 3) | 200 OK [http://localhost/intervals]


Processing IntervalsController#edit (for 127.0.0.1 at 2009-06-17 22:31:49) [GET]
  Parameters: {"id"=>"1"}
  [4;36;1mSQL (0.1ms)[0m   [0;1mSET NAMES 'utf8'[0m
  [4;35;1mSQL (0.1ms)[0m   [0mSET SQL_AUTO_IS_NULL=0[0m
  [4;36;1mInterval Columns (2.3ms)[0m   [0;1mSHOW FIELDS FROM `intervals`[0m
  [4;35;1mInterval Load (1.2ms)[0m   [0mSELECT * FROM `intervals` WHERE (`intervals`.`id` = 1) [0m
Rendering template within layouts/intervals
Rendering intervals/edit
Rendered intervals/_interval_form (10.4ms)
Completed in 23ms (View: 15, DB: 4) | 200 OK [http://localhost/intervals/1/edit]


Processing IntervalsController#update (for 127.0.0.1 at 2009-06-17 22:32:35) [PUT]
  Parameters: {"commit"=>"Create", "authenticity_token"=>"45ff7090724a43aa7af5ba2005ed251b1f937087", "id"=>"1", "interval"=>{"start_time(1i)"=>"2009", "start_time(2i)"=>"6", "start_time(3i)"=>"17", "project"=>"Project Timer:Testing", "end_time(1i)"=>"2009", "start_time(4i)"=>"22", "end_time(2i)"=>"6", "start_time(5i)"=>"23", "end_time(3i)"=>"18", "end_time(4i)"=>"22", "end_time(5i)"=>"32"}}
  [4;36;1mSQL (0.1ms)[0m   [0;1mSET NAMES 'utf8'[0m
  [4;35;1mSQL (0.1ms)[0m   [0mSET SQL_AUTO_IS_NULL=0[0m
  [4;36;1mInterval Columns (2.5ms)[0m   [0;1mSHOW FIELDS FROM `intervals`[0m
  [4;35;1mInterval Load (0.8ms)[0m   [0mSELECT * FROM `intervals` WHERE (`intervals`.`id` = 1) [0m
  [4;36;1mSQL (0.1ms)[0m   [0;1mBEGIN[0m
  [4;35;1mInterval Update (0.2ms)[0m   [0mUPDATE `intervals` SET `start_time` = '2009-06-17 22:23:00', `end_time` = '2009-06-18 22:32:00', `updated_at` = '2009-06-18 04:32:35' WHERE `id` = 1[0m
  [4;36;1mSQL (0.9ms)[0m   [0;1mCOMMIT[0m
Redirected to #<Interval:0x25100ac>
Completed in 15ms (DB: 5) | 302 Found [http://localhost/intervals/1]


Processing IntervalsController#show (for 127.0.0.1 at 2009-06-17 22:32:35) [GET]
  Parameters: {"id"=>"1"}
  [4;35;1mSQL (0.1ms)[0m   [0mSET NAMES 'utf8'[0m
  [4;36;1mSQL (0.1ms)[0m   [0;1mSET SQL_AUTO_IS_NULL=0[0m
  [4;35;1mInterval Columns (1.9ms)[0m   [0mSHOW FIELDS FROM `intervals`[0m
  [4;36;1mInterval Load (1.2ms)[0m   [0;1mSELECT * FROM `intervals` WHERE (`intervals`.`id` = 1) [0m
Rendering template within layouts/intervals
Rendering intervals/show
Completed in 12ms (View: 5, DB: 3) | 200 OK [http://localhost/intervals/1]


Processing IntervalsController#edit (for 127.0.0.1 at 2009-06-17 22:32:38) [GET]
  Parameters: {"id"=>"1"}
  [4;35;1mSQL (0.1ms)[0m   [0mSET NAMES 'utf8'[0m
  [4;36;1mSQL (0.1ms)[0m   [0;1mSET SQL_AUTO_IS_NULL=0[0m
  [4;35;1mInterval Columns (2.5ms)[0m   [0mSHOW FIELDS FROM `intervals`[0m
  [4;36;1mInterval Load (0.9ms)[0m   [0;1mSELECT * FROM `intervals` WHERE (`intervals`.`id` = 1) [0m
Rendering template within layouts/intervals
Rendering intervals/edit
Rendered intervals/_interval_form (10.2ms)
Completed in 23ms (View: 15, DB: 4) | 200 OK [http://localhost/intervals/1/edit]


Processing IntervalsController#update (for 127.0.0.1 at 2009-06-17 22:32:44) [PUT]
  Parameters: {"commit"=>"Create", "authenticity_token"=>"45ff7090724a43aa7af5ba2005ed251b1f937087", "id"=>"1", "interval"=>{"start_time(1i)"=>"2009", "start_time(2i)"=>"6", "start_time(3i)"=>"17", "project"=>"Project Timer:Testing", "end_time(1i)"=>"2009", "start_time(4i)"=>"22", "end_time(2i)"=>"6", "start_time(5i)"=>"23", "end_time(3i)"=>"17", "end_time(4i)"=>"22", "end_time(5i)"=>"32"}}
  [4;35;1mSQL (0.1ms)[0m   [0mSET NAMES 'utf8'[0m
  [4;36;1mSQL (0.1ms)[0m   [0;1mSET SQL_AUTO_IS_NULL=0[0m
  [4;35;1mInterval Columns (2.6ms)[0m   [0mSHOW FIELDS FROM `intervals`[0m
  [4;36;1mInterval Load (0.8ms)[0m   [0;1mSELECT * FROM `intervals` WHERE (`intervals`.`id` = 1) [0m
  [4;35;1mSQL (0.1ms)[0m   [0mBEGIN[0m
  [4;36;1mInterval Update (0.2ms)[0m   [0;1mUPDATE `intervals` SET `end_time` = '2009-06-17 22:32:00', `updated_at` = '2009-06-18 04:32:44' WHERE `id` = 1[0m
  [4;35;1mSQL (0.8ms)[0m   [0mCOMMIT[0m
Redirected to #<Interval:0x2776f08>
Completed in 74ms (DB: 5) | 302 Found [http://localhost/intervals/1]


Processing IntervalsController#show (for 127.0.0.1 at 2009-06-17 22:32:44) [GET]
  Parameters: {"id"=>"1"}
  [4;36;1mSQL (0.1ms)[0m   [0;1mSET NAMES 'utf8'[0m
  [4;35;1mSQL (0.1ms)[0m   [0mSET SQL_AUTO_IS_NULL=0[0m
  [4;36;1mInterval Columns (1.8ms)[0m   [0;1mSHOW FIELDS FROM `intervals`[0m
  [4;35;1mInterval Load (0.8ms)[0m   [0mSELECT * FROM `intervals` WHERE (`intervals`.`id` = 1) [0m
Rendering template within layouts/intervals
Rendering intervals/show
Completed in 12ms (View: 5, DB: 3) | 200 OK [http://localhost/intervals/1]


Processing IntervalsController#index (for 127.0.0.1 at 2009-06-17 22:32:46) [GET]
  [4;36;1mSQL (0.1ms)[0m   [0;1mSET NAMES 'utf8'[0m
  [4;35;1mSQL (0.1ms)[0m   [0mSET SQL_AUTO_IS_NULL=0[0m
  [4;36;1mInterval Load (0.3ms)[0m   [0;1mSELECT * FROM `intervals` [0m
Rendering template within layouts/intervals
Rendering intervals/index
  [4;35;1mInterval Columns (2.2ms)[0m   [0mSHOW FIELDS FROM `intervals`[0m
Completed in 13ms (View: 6, DB: 3) | 200 OK [http://localhost/intervals]


Processing IntervalsController#new (for 127.0.0.1 at 2009-06-17 22:33:21) [GET]
  [4;36;1mSQL (0.1ms)[0m   [0;1mSET NAMES 'utf8'[0m
  [4;35;1mSQL (0.1ms)[0m   [0mSET SQL_AUTO_IS_NULL=0[0m
  [4;36;1mInterval Columns (2.3ms)[0m   [0;1mSHOW FIELDS FROM `intervals`[0m
Rendering template within layouts/intervals
Rendering intervals/new
Rendered intervals/_interval_form (10.0ms)
Completed in 21ms (View: 14, DB: 3) | 200 OK [http://localhost/intervals/new]


Processing IntervalsController#index (for 127.0.0.1 at 2009-06-17 22:33:24) [GET]
  [4;35;1mSQL (0.1ms)[0m   [0mSET NAMES 'utf8'[0m
  [4;36;1mSQL (0.1ms)[0m   [0;1mSET SQL_AUTO_IS_NULL=0[0m
  [4;35;1mInterval Load (0.3ms)[0m   [0mSELECT * FROM `intervals` [0m
Rendering template within layouts/intervals
Rendering intervals/index
  [4;36;1mInterval Columns (2.3ms)[0m   [0;1mSHOW FIELDS FROM `intervals`[0m
Completed in 12ms (View: 6, DB: 3) | 200 OK [http://localhost/intervals]


Processing IntervalsController#index (for 127.0.0.1 at 2009-06-17 22:39:54) [GET]
  [4;35;1mSQL (0.1ms)[0m   [0mSET NAMES 'utf8'[0m
  [4;36;1mSQL (0.1ms)[0m   [0;1mSET SQL_AUTO_IS_NULL=0[0m
  [4;35;1mInterval Load (0.3ms)[0m   [0mSELECT * FROM `intervals` [0m
Rendering template within layouts/intervals
Rendering intervals/index
  [4;36;1mInterval Columns (2.3ms)[0m   [0;1mSHOW FIELDS FROM `intervals`[0m
Completed in 13ms (View: 6, DB: 3) | 200 OK [http://localhost/intervals]


Processing IntervalsController#index (for 127.0.0.1 at 2009-06-17 22:40:24) [GET]
  [4;35;1mSQL (0.1ms)[0m   [0mSET NAMES 'utf8'[0m
  [4;36;1mSQL (0.1ms)[0m   [0;1mSET SQL_AUTO_IS_NULL=0[0m
  [4;35;1mInterval Load (0.3ms)[0m   [0mSELECT * FROM `intervals` [0m
Rendering template within layouts/intervals
Rendering intervals/index
  [4;36;1mInterval Columns (2.3ms)[0m   [0;1mSHOW FIELDS FROM `intervals`[0m
Completed in 12ms (View: 6, DB: 3) | 200 OK [http://localhost/intervals]


Processing IntervalsController#index (for 127.0.0.1 at 2009-06-17 22:41:08) [GET]
  [4;35;1mSQL (0.1ms)[0m   [0mSET NAMES 'utf8'[0m
  [4;36;1mSQL (0.1ms)[0m   [0;1mSET SQL_AUTO_IS_NULL=0[0m
  [4;35;1mInterval Load (0.3ms)[0m   [0mSELECT * FROM `intervals` [0m
Rendering template within layouts/intervals
Rendering intervals/index
  [4;36;1mInterval Columns (45.5ms)[0m   [0;1mSHOW FIELDS FROM `intervals`[0m
Completed in 58ms (View: 8, DB: 46) | 200 OK [http://localhost/intervals]


Processing IntervalsController#edit (for 127.0.0.1 at 2009-06-17 22:41:49) [GET]
  Parameters: {"id"=>"1"}
  [4;35;1mSQL (0.1ms)[0m   [0mSET NAMES 'utf8'[0m
  [4;36;1mSQL (0.1ms)[0m   [0;1mSET SQL_AUTO_IS_NULL=0[0m
  [4;35;1mInterval Columns (2.3ms)[0m   [0mSHOW FIELDS FROM `intervals`[0m
  [4;36;1mInterval Load (0.8ms)[0m   [0;1mSELECT * FROM `intervals` WHERE (`intervals`.`id` = 1) [0m
Rendering template within layouts/intervals
Rendering intervals/edit
Rendered intervals/_interval_form (10.1ms)
Completed in 22ms (View: 15, DB: 3) | 200 OK [http://localhost/intervals/1/edit]


Processing IntervalsController#update (for 127.0.0.1 at 2009-06-17 22:41:54) [PUT]
  Parameters: {"commit"=>"Create", "authenticity_token"=>"45ff7090724a43aa7af5ba2005ed251b1f937087", "id"=>"1", "interval"=>{"start_time(1i)"=>"2009", "start_time(2i)"=>"6", "start_time(3i)"=>"17", "project"=>"Project Timer:Testing", "end_time(1i)"=>"2009", "start_time(4i)"=>"21", "end_time(2i)"=>"6", "start_time(5i)"=>"23", "end_time(3i)"=>"17", "end_time(4i)"=>"22", "end_time(5i)"=>"32"}}
  [4;35;1mSQL (0.1ms)[0m   [0mSET NAMES 'utf8'[0m
  [4;36;1mSQL (0.1ms)[0m   [0;1mSET SQL_AUTO_IS_NULL=0[0m
  [4;35;1mInterval Columns (1.8ms)[0m   [0mSHOW FIELDS FROM `intervals`[0m
  [4;36;1mInterval Load (0.7ms)[0m   [0;1mSELECT * FROM `intervals` WHERE (`intervals`.`id` = 1) [0m
  [4;35;1mSQL (0.1ms)[0m   [0mBEGIN[0m
  [4;36;1mInterval Update (0.2ms)[0m   [0;1mUPDATE `intervals` SET `start_time` = '2009-06-17 21:23:00', `updated_at` = '2009-06-18 04:41:55' WHERE `id` = 1[0m
  [4;35;1mSQL (0.7ms)[0m   [0mCOMMIT[0m
Redirected to #<Interval:0x248c180>
Completed in 12ms (DB: 4) | 302 Found [http://localhost/intervals/1]


Processing IntervalsController#show (for 127.0.0.1 at 2009-06-17 22:41:55) [GET]
  Parameters: {"id"=>"1"}
  [4;36;1mSQL (0.1ms)[0m   [0;1mSET NAMES 'utf8'[0m
  [4;35;1mSQL (0.1ms)[0m   [0mSET SQL_AUTO_IS_NULL=0[0m
  [4;36;1mInterval Columns (1.8ms)[0m   [0;1mSHOW FIELDS FROM `intervals`[0m
  [4;35;1mInterval Load (0.6ms)[0m   [0mSELECT * FROM `intervals` WHERE (`intervals`.`id` = 1) [0m
Rendering template within layouts/intervals
Rendering intervals/show
Completed in 12ms (View: 5, DB: 3) | 200 OK [http://localhost/intervals/1]


Processing IntervalsController#index (for 127.0.0.1 at 2009-06-17 22:41:57) [GET]
  [4;36;1mSQL (0.1ms)[0m   [0;1mSET NAMES 'utf8'[0m
  [4;35;1mSQL (0.1ms)[0m   [0mSET SQL_AUTO_IS_NULL=0[0m
  [4;36;1mInterval Load (0.4ms)[0m   [0;1mSELECT * FROM `intervals` [0m
Rendering template within layouts/intervals
Rendering intervals/index
  [4;35;1mInterval Columns (2.3ms)[0m   [0mSHOW FIELDS FROM `intervals`[0m
Completed in 74ms (View: 6, DB: 3) | 200 OK [http://localhost/intervals]
